09:40:05.701 [main] INFO  com.intuit.karate.Runner - using system property 'karate.options': --tags @T-7
09:40:05.895 [main] DEBUG com.intuit.karate.Suite - [config] classpath:karate-config.js
09:40:06.955 [main] INFO  com.intuit.karate - karate.env system property was: null 
09:40:07.200 [main] DEBUG com.intuit.karate - request:
1 > GET https://petstore.swagger.io/v2/user/logout
1 > Host: petstore.swagger.io
1 > Connection: Keep-Alive
1 > User-Agent: Apache-HttpClient/4.5.14 (Java/17.0.12)
1 > Accept-Encoding: gzip,deflate


09:40:08.165 [main] DEBUG com.intuit.karate - response time in milliseconds: 961
1 < 200
1 < Date: Sun, 22 Feb 2026 14:40:08 GMT
1 < Content-Type: application/json
1 < Transfer-Encoding: chunked
1 < Connection: keep-alive
1 < Access-Control-Allow-Origin: *
1 < Access-Control-Allow-Methods: GET, POST, DELETE, PUT
1 < Access-Control-Allow-Headers: Content-Type, api_key, Authorization
1 < Server: Jetty(9.2.9.v20150224)
{"code":200,"type":"unknown","message":"ok"}

09:40:08.242 [main] INFO  com.intuit.karate - [print] {
  "code": 200,
  "type": "unknown",
  "message": "ok"
}
 
